Spool puvodni porovnani s ohledem na cost

-- Zobraz počet hodin vyučovanych předmetu v letním semestru a v zimním, spojene dohromady,
	--			ale jen pro předměty, které mají naplanováno více jak tři rozvrhové akce
	
-----------------------------------------------------------------------------------------------------
| Id  | Operation                          | Name           | Rows  | Bytes | Cost (%CPU)| Time     |
-----------------------------------------------------------------------------------------------------
|   0 | SELECT STATEMENT                   |                |     2 |   220 |    22  (55)| 00:00:01 |
|   1 |  UNION-ALL                         |                |       |       |            |          |
|*  2 |   FILTER                           |                |       |       |            |          |
|   3 |    HASH GROUP BY                   |                |     1 |   110 |    11  (10)| 00:00:01 |
|   4 |     NESTED LOOPS                   |                |       |       |            |          |
|   5 |      NESTED LOOPS                  |                |     1 |   110 |    10   (0)| 00:00:01 |

PLAN_TABLE_OUTPUT                                                                                                                                                                                                                                                                                           
------------------------------------------------------------------------------------------------------------------------------------------------------------------------------------------------------------------------------------------------------------------------------------------------------------
|   6 |       MERGE JOIN CARTESIAN         |                |     1 |    87 |    10   (0)| 00:00:01 |
|   7 |        NESTED LOOPS                |                |       |       |            |          |
|   8 |         NESTED LOOPS               |                |     1 |    74 |     5   (0)| 00:00:01 |
|   9 |          TABLE ACCESS FULL         | ROZVRHOVA_AKCE |     1 |    51 |     5   (0)| 00:00:01 |
|* 10 |          INDEX UNIQUE SCAN         | KATEGORIE_PK   |     1 |       |     0   (0)| 00:00:01 |
|* 11 |         TABLE ACCESS BY INDEX ROWID| KATEGORIE      |     1 |    23 |     0   (0)| 00:00:01 |
|  12 |        BUFFER SORT                 |                |     1 |    13 |    10   (0)| 00:00:01 |
|  13 |         TABLE ACCESS FULL          | ROZVRHOVA_AKCE |     1 |    13 |     5   (0)| 00:00:01 |
|* 14 |       INDEX UNIQUE SCAN            | PREDMET_PK     |     1 |       |     0   (0)| 00:00:01 |
|  15 |      TABLE ACCESS BY INDEX ROWID   | PREDMET        |     1 |    23 |     0   (0)| 00:00:01 |
|* 16 |   FILTER                           |                |       |       |            |          |

PLAN_TABLE_OUTPUT                                                                                                                                                                                                                                                                                           
------------------------------------------------------------------------------------------------------------------------------------------------------------------------------------------------------------------------------------------------------------------------------------------------------------
|  17 |    HASH GROUP BY                   |                |     1 |   110 |    11  (10)| 00:00:01 |
|  18 |     NESTED LOOPS                   |                |       |       |            |          |
|  19 |      NESTED LOOPS                  |                |     1 |   110 |    10   (0)| 00:00:01 |
|  20 |       MERGE JOIN CARTESIAN         |                |     1 |    87 |    10   (0)| 00:00:01 |
|  21 |        NESTED LOOPS                |                |       |       |            |          |
|  22 |         NESTED LOOPS               |                |     1 |    74 |     5   (0)| 00:00:01 |
|  23 |          TABLE ACCESS FULL         | ROZVRHOVA_AKCE |     1 |    51 |     5   (0)| 00:00:01 |
|* 24 |          INDEX UNIQUE SCAN         | KATEGORIE_PK   |     1 |       |     0   (0)| 00:00:01 |
|* 25 |         TABLE ACCESS BY INDEX ROWID| KATEGORIE      |     1 |    23 |     0   (0)| 00:00:01 |
|  26 |        BUFFER SORT                 |                |     1 |    13 |    10   (0)| 00:00:01 |
|  27 |         TABLE ACCESS FULL          | ROZVRHOVA_AKCE |     1 |    13 |     5   (0)| 00:00:01 |

PLAN_TABLE_OUTPUT                                                                                                                                                                                                                                                                                           
------------------------------------------------------------------------------------------------------------------------------------------------------------------------------------------------------------------------------------------------------------------------------------------------------------
|* 28 |       INDEX UNIQUE SCAN            | PREDMET_PK     |     1 |       |     0   (0)| 00:00:01 |
|  29 |      TABLE ACCESS BY INDEX ROWID   | PREDMET        |     1 |    23 |     0   (0)| 00:00:01 |
-----------------------------------------------------------------------------------------------------

-- Zobraz učebny, kde je počet studentů menši jak půlka kapacity učebny

----------------------------------------------------------------------------------------------------
| Id  | Operation                      | Name              | Rows  | Bytes | Cost (%CPU)| Time     |
----------------------------------------------------------------------------------------------------
|   0 | SELECT STATEMENT               |                   |     1 |    66 |     3   (0)| 00:00:01 |
|   1 |  NESTED LOOPS                  |                   |       |       |            |          |
|   2 |   NESTED LOOPS                 |                   |     1 |    66 |     3   (0)| 00:00:01 |
|   3 |    NESTED LOOPS                |                   |     1 |    33 |     2   (0)| 00:00:01 |
|   4 |     INDEX FAST FULL SCAN       | REL_RA_UCEBNA_PK  |   616 |  4312 |     2   (0)| 00:00:01 |
|   5 |     TABLE ACCESS BY INDEX ROWID| ROZVRHOVA_AKCE    |     1 |    26 |     0   (0)| 00:00:01 |

PLAN_TABLE_OUTPUT                                                                                                                                                                                                                                                                                           
------------------------------------------------------------------------------------------------------------------------------------------------------------------------------------------------------------------------------------------------------------------------------------------------------------
|*  6 |      INDEX UNIQUE SCAN         | ROZVRHOVA_AKCE_PK |     1 |       |     0   (0)| 00:00:01 |
|*  7 |    INDEX UNIQUE SCAN           | UCEBNA_PK         |     1 |       |     0   (0)| 00:00:01 |
|*  8 |   TABLE ACCESS BY INDEX ROWID  | UCEBNA            |     1 |    33 |     1   (0)| 00:00:01 |
----------------------------------------------------------------------------------------------------


Spool transformovaný select s ohledem na cost 


-- Zobraz počet hodin vyučovanych předmetu v letním semestru a v zimním, spojene dohromady,
	--			ale jen pro předměty, které mají naplanováno více jak tři rozvrhové akce
 
--------------------------------------------------------------------------------------------------
| Id  | Operation                       | Name           | Rows  | Bytes | Cost (%CPU)| Time     |
--------------------------------------------------------------------------------------------------
|   0 | SELECT STATEMENT                |                |     1 |    61 |     5   (0)| 00:00:01 |
|*  1 |  FILTER                         |                |       |       |            |          |
|   2 |   NESTED LOOPS                  |                |       |       |            |          |
|   3 |    NESTED LOOPS                 |                |     1 |    61 |     5   (0)| 00:00:01 |
|   4 |     NESTED LOOPS                |                |     1 |    50 |     5   (0)| 00:00:01 |
|   5 |      TABLE ACCESS FULL          | ROZVRHOVA_AKCE |     1 |    39 |     5   (0)| 00:00:01 |

PLAN_TABLE_OUTPUT                                                                                                                                                                                                                                                                                           
------------------------------------------------------------------------------------------------------------------------------------------------------------------------------------------------------------------------------------------------------------------------------------------------------------
|   6 |      TABLE ACCESS BY INDEX ROWID| PREDMET        |     1 |    11 |     0   (0)| 00:00:01 |
|*  7 |       INDEX UNIQUE SCAN         | PREDMET_PK     |     1 |       |     0   (0)| 00:00:01 |
|*  8 |     INDEX UNIQUE SCAN           | KATEGORIE_PK   |     1 |       |     0   (0)| 00:00:01 |
|   9 |    TABLE ACCESS BY INDEX ROWID  | KATEGORIE      |     1 |    11 |     0   (0)| 00:00:01 |
|* 10 |   FILTER                        |                |       |       |            |          |
|  11 |    HASH GROUP BY                |                |     1 |    13 |     6  (17)| 00:00:01 |
|  12 |     TABLE ACCESS FULL           | ROZVRHOVA_AKCE |     1 |    13 |     5   (0)| 00:00:01 |
--------------------------------------------------------------------------------------------------


-- Zobraz učebny, kde je počet studentů menši jak půlka kapacity učebny

----------------------------------------------------------------------------------------------------
| Id  | Operation                      | Name              | Rows  | Bytes | Cost (%CPU)| Time     |
----------------------------------------------------------------------------------------------------
|   0 | SELECT STATEMENT               |                   |     1 |    66 |     4   (0)| 00:00:01 |
|*  1 |  FILTER                        |                   |       |       |            |          |
|   2 |   NESTED LOOPS OUTER           |                   |     1 |    66 |     3   (0)| 00:00:01 |
|   3 |    NESTED LOOPS                |                   |     1 |    33 |     2   (0)| 00:00:01 |
|   4 |     INDEX FAST FULL SCAN       | REL_RA_UCEBNA_PK  |   616 |  4312 |     2   (0)| 00:00:01 |
|   5 |     TABLE ACCESS BY INDEX ROWID| ROZVRHOVA_AKCE    |     1 |    26 |     0   (0)| 00:00:01 |

PLAN_TABLE_OUTPUT                                                                                                                                                                                                                                                                                           
------------------------------------------------------------------------------------------------------------------------------------------------------------------------------------------------------------------------------------------------------------------------------------------------------------
|*  6 |      INDEX UNIQUE SCAN         | ROZVRHOVA_AKCE_PK |     1 |       |     0   (0)| 00:00:01 |
|   7 |    TABLE ACCESS BY INDEX ROWID | UCEBNA            |     1 |    33 |     1   (0)| 00:00:01 |
|*  8 |     INDEX UNIQUE SCAN          | UCEBNA_PK         |     1 |       |     0   (0)| 00:00:01 |
|   9 |   TABLE ACCESS BY INDEX ROWID  | UCEBNA            |     1 |     7 |     1   (0)| 00:00:01 |
|* 10 |    INDEX UNIQUE SCAN           | UCEBNA_PK         |     1 |       |     0   (0)| 00:00:01 |
----------------------------------------------------------------------------------------------------